2020-10-10 16:44:40.764  INFO 24796 --- [main] c.example.demo.SareetaApplicationTests   : Starting SareetaApplicationTests on DESKTOP-HOME with PID 24796 (started by Haonan in D:\Github\haonanzhang415\eCommerceApp)
2020-10-10 16:44:40.770  INFO 24796 --- [main] c.example.demo.SareetaApplicationTests   : No active profile set, falling back to default profiles: default
2020-10-10 16:44:41.266  INFO 24796 --- [main] .s.d.r.c.RepositoryConfigurationDelegate : Bootstrapping Spring Data repositories in DEFAULT mode.
2020-10-10 16:44:41.329  INFO 24796 --- [main] .s.d.r.c.RepositoryConfigurationDelegate : Finished Spring Data repository scanning in 57ms. Found 4 repository interfaces.
2020-10-10 16:44:41.743  INFO 24796 --- [main] trationDelegate$BeanPostProcessorChecker : Bean 'org.springframework.transaction.annotation.ProxyTransactionManagementConfiguration' of type [org.springframework.transaction.annotation.ProxyTransactionManagementConfiguration$$EnhancerBySpringCGLIB$$e7a8c8a] is not eligible for getting processed by all BeanPostProcessors (for example: not eligible for auto-proxying)
2020-10-10 16:44:41.908  INFO 24796 --- [main] com.zaxxer.hikari.HikariDataSource       : HikariPool-1 - Starting...
2020-10-10 16:44:42.080  INFO 24796 --- [main] com.zaxxer.hikari.HikariDataSource       : HikariPool-1 - Start completed.
2020-10-10 16:44:42.162  INFO 24796 --- [main] o.hibernate.jpa.internal.util.LogHelper  : HHH000204: Processing PersistenceUnitInfo [
	name: default
	...]
2020-10-10 16:44:42.270  INFO 24796 --- [main] org.hibernate.Version                    : HHH000412: Hibernate Core {5.3.10.Final}
2020-10-10 16:44:42.271  INFO 24796 --- [main] org.hibernate.cfg.Environment            : HHH000206: hibernate.properties not found
2020-10-10 16:44:42.414  INFO 24796 --- [main] o.hibernate.annotations.common.Version   : HCANN000001: Hibernate Commons Annotations {5.0.4.Final}
2020-10-10 16:44:42.614  INFO 24796 --- [main] org.hibernate.dialect.Dialect            : HHH000400: Using dialect: org.hibernate.dialect.H2Dialect
2020-10-10 16:44:43.208  INFO 24796 --- [main] j.LocalContainerEntityManagerFactoryBean : Initialized JPA EntityManagerFactory for persistence unit 'default'
2020-10-10 16:44:43.803  INFO 24796 --- [main] o.s.s.web.DefaultSecurityFilterChain     : Creating filter chain: any request, [org.springframework.security.web.context.request.async.WebAsyncManagerIntegrationFilter@3ddac0b6, org.springframework.security.web.context.SecurityContextPersistenceFilter@3205610d, org.springframework.security.web.header.HeaderWriterFilter@1ef04613, org.springframework.web.filter.CorsFilter@446a5aa5, org.springframework.security.web.authentication.logout.LogoutFilter@16c8e9b8, com.example.demo.security.JWTAuthenticationFilter@628bcf2c, com.example.demo.security.JWTAuthorizationFilter@4b76251c, org.springframework.security.web.savedrequest.RequestCacheAwareFilter@5751e53e, org.springframework.security.web.servletapi.SecurityContextHolderAwareRequestFilter@1835b783, org.springframework.security.web.authentication.AnonymousAuthenticationFilter@20c283b4, org.springframework.security.web.session.SessionManagementFilter@215c6ec0, org.springframework.security.web.access.ExceptionTranslationFilter@32d8710a, org.springframework.security.web.access.intercept.FilterSecurityInterceptor@6a63ff31]
2020-10-10 16:44:44.167  INFO 24796 --- [main] o.s.s.concurrent.ThreadPoolTaskExecutor  : Initializing ExecutorService 'applicationTaskExecutor'
2020-10-10 16:44:44.213  WARN 24796 --- [main] aWebConfiguration$JpaWebMvcConfiguration : spring.jpa.open-in-view is enabled by default. Therefore, database queries may be performed during view rendering. Explicitly configure spring.jpa.open-in-view to disable this warning
2020-10-10 16:44:44.460  INFO 24796 --- [main] c.example.demo.SareetaApplicationTests   : Started SareetaApplicationTests in 3.968 seconds (JVM running for 4.793)
2020-10-10 16:44:44.563  INFO 24796 --- [Thread-2] o.s.s.concurrent.ThreadPoolTaskExecutor  : Shutting down ExecutorService 'applicationTaskExecutor'
2020-10-10 16:44:44.564  INFO 24796 --- [Thread-2] j.LocalContainerEntityManagerFactoryBean : Closing JPA EntityManagerFactory for persistence unit 'default'
2020-10-10 16:44:44.566  INFO 24796 --- [Thread-2] com.zaxxer.hikari.HikariDataSource       : HikariPool-1 - Shutdown initiated...
2020-10-10 16:44:44.568  INFO 24796 --- [Thread-2] com.zaxxer.hikari.HikariDataSource       : HikariPool-1 - Shutdown completed.
